<?xml version="1.0" encoding="UTF-8"?>
<!-- Generated by org.testng.reporters.JUnitReportReporter -->
<testsuite hostname="mlebedeva-T420s" name="com.example.tests.AnotherGroupCreationTests" tests="2" failures="0" timestamp="21 Apr 2015 13:19:19 GMT" time="7.228" errors="0">
  <testcase name="testEmptyGroupCreation" time="3.532" classname="com.example.tests.AnotherGroupCreationTests"/>
  <testcase name="testNonEmptyGroupCreation" time="3.696" classname="com.example.tests.AnotherGroupCreationTests"/>
</testsuite> <!-- com.example.tests.AnotherGroupCreationTests -->
