<?xml version="1.0" encoding="UTF-8"?>
<!-- Generated by org.testng.reporters.JUnitReportReporter -->
<testsuite hostname="mlebedeva-T420s" name="com.example.tests.GroupRemovalTests" tests="1" failures="0" timestamp="27 Apr 2015 18:37:08 GMT" time="2.699" errors="0">
  <testcase name="deleteSomeGroup" time="2.699" classname="com.example.tests.GroupRemovalTests"/>
</testsuite> <!-- com.example.tests.GroupRemovalTests -->
