<?xml version="1.0" encoding="UTF-8"?>
<!-- Generated by org.testng.reporters.JUnitReportReporter -->
<testsuite hostname="mlebedeva-T420s" name="com.example.tests.ContactModificationTests" tests="3" failures="0" timestamp="23 May 2015 15:44:52 GMT" time="5.906" errors="0">
  <testcase name="modifySomeContact" time="2.638" classname="com.example.tests.ContactModificationTests"/>
  <testcase name="modifySomeContact" time="1.738" classname="com.example.tests.ContactModificationTests"/>
  <testcase name="modifySomeContact" time="1.530" classname="com.example.tests.ContactModificationTests"/>
</testsuite> <!-- com.example.tests.ContactModificationTests -->
