<?xml version="1.0" encoding="UTF-8"?>
<!-- Generated by org.testng.reporters.JUnitReportReporter -->
<testsuite hostname="mlebedeva-T420s" name="com.example.tests.GroupCreationTests" tests="2" failures="0" timestamp="21 Apr 2015 13:19:19 GMT" time="7.816" errors="0">
  <testcase name="testEmptyGroupCreation" time="4.023" classname="com.example.tests.GroupCreationTests"/>
  <testcase name="testNonEmptyGroupCreation" time="3.793" classname="com.example.tests.GroupCreationTests"/>
</testsuite> <!-- com.example.tests.GroupCreationTests -->
