<?xml version="1.0" encoding="UTF-8"?>
<!-- Generated by org.testng.reporters.JUnitReportReporter -->
<testsuite hostname="mlebedeva-T420s" name="com.example.tests.GroupCreationTests" tests="2" failures="0" timestamp="22 Apr 2015 20:23:08 GMT" time="15.863" errors="0">
  <testcase name="testNonEmptyGroupCreation" time="7.657" classname="com.example.tests.GroupCreationTests"/>
  <testcase name="testEmptyGroupCreation" time="8.206" classname="com.example.tests.GroupCreationTests"/>
</testsuite> <!-- com.example.tests.GroupCreationTests -->
