<?xml version="1.0" encoding="UTF-8"?>
<!-- Generated by org.testng.reporters.JUnitReportReporter -->
<testsuite hostname="mlebedeva-T420s" name="com.example.tests.ContactCreationTests" tests="2" failures="0" timestamp="27 Apr 2015 18:37:08 GMT" time="10.423" errors="0">
  <testcase name="testNonEmptyContactCreation" time="8.002" classname="com.example.tests.ContactCreationTests"/>
  <testcase name="testEmptyContactCreation" time="2.421" classname="com.example.tests.ContactCreationTests"/>
</testsuite> <!-- com.example.tests.ContactCreationTests -->
