<?xml version="1.0" encoding="UTF-8"?>
<!-- Generated by org.testng.reporters.JUnitReportReporter -->
<testsuite hostname="mlebedeva-T420s" name="com.example.tests.ContactCreationTests" tests="2" failures="0" timestamp="22 Apr 2015 20:23:08 GMT" time="23.516" errors="0">
  <testcase name="testEmptyContactCreation" time="4.515" classname="com.example.tests.ContactCreationTests"/>
  <testcase name="testNonEmptyContactCreation" time="19.001" classname="com.example.tests.ContactCreationTests"/>
</testsuite> <!-- com.example.tests.ContactCreationTests -->
