<?xml version="1.0" encoding="UTF-8"?>
<!-- Generated by org.testng.reporters.JUnitReportReporter -->
<testsuite hostname="mlebedeva-T420s" name="com.example.tests.GroupModificationTests" tests="1" failures="0" timestamp="27 Apr 2015 18:37:08 GMT" time="4.221" errors="0">
  <testcase name="modifySomeGroup" time="4.221" classname="com.example.tests.GroupModificationTests"/>
</testsuite> <!-- com.example.tests.GroupModificationTests -->
