<?xml version="1.0" encoding="UTF-8"?>
<!-- Generated by org.testng.reporters.JUnitReportReporter -->
<testsuite hostname="mlebedeva-T420s" name="com.example.tests.AnotherGroupCreationTests" tests="2" failures="0" timestamp="22 Apr 2015 20:21:41 GMT" time="14.735" errors="0">
  <testcase name="testEmptyGroupCreation" time="7.222" classname="com.example.tests.AnotherGroupCreationTests"/>
  <testcase name="testNonEmptyGroupCreation" time="7.513" classname="com.example.tests.AnotherGroupCreationTests"/>
</testsuite> <!-- com.example.tests.AnotherGroupCreationTests -->
