<?xml version="1.0" encoding="UTF-8"?>
<!-- Generated by org.testng.reporters.JUnitReportReporter -->
<testsuite hostname="mlebedeva-T420s" name="com.example.tests.GroupCreationTests" tests="2" failures="0" timestamp="27 Apr 2015 18:37:08 GMT" time="6.824" errors="0">
  <testcase name="testNonEmptyGroupCreation" time="3.489" classname="com.example.tests.GroupCreationTests"/>
  <testcase name="testEmptyGroupCreation" time="3.335" classname="com.example.tests.GroupCreationTests"/>
</testsuite> <!-- com.example.tests.GroupCreationTests -->
