<?xml version="1.0" encoding="UTF-8"?>
<!-- Generated by org.testng.reporters.JUnitReportReporter -->
<testsuite hostname="mlebedeva-T420s" name="com.example.tests.ContactDeletionTests" tests="1" failures="0" timestamp="23 May 2015 15:44:52 GMT" time="1.416" errors="0">
  <testcase name="deleteSomeContact" time="1.416" classname="com.example.tests.ContactDeletionTests"/>
</testsuite> <!-- com.example.tests.ContactDeletionTests -->
